This is pdfTeX, Version 3.1415926-1.40.10 (TeX Live 2009/Debian) (format=pdflatex 2012.8.17)  26 MAR 2013 14:07
entering extended mode
 %&-line parsing enabled.
**CatalanStructuresBijectionsStuartPaton2013.tex
(./CatalanStructuresBijectionsStuartPaton2013.tex
LaTeX2e <2009/09/24>
Babel <v3.8l> and hyphenation patterns for english, usenglishmax, dumylang, noh
yphenation, farsi, arabic, croatian, bulgarian, ukrainian, russian, czech, slov
ak, danish, dutch, finnish, french, basque, ngerman, german, german-x-2009-06-1
9, ngerman-x-2009-06-19, ibycus, monogreek, greek, ancientgreek, hungarian, san
skrit, italian, latin, latvian, lithuanian, mongolian2a, mongolian, bokmal, nyn
orsk, romanian, irish, coptic, serbian, turkish, welsh, esperanto, uppersorbian
, estonian, indonesian, interlingua, icelandic, kurmanji, slovenian, polish, po
rtuguese, spanish, galician, catalan, swedish, ukenglish, pinyin, loaded.
(/usr/share/texmf-texlive/tex/latex/base/article.cls
Document Class: article 2007/10/19 v1.4h Standard LaTeX document class
(/usr/share/texmf-texlive/tex/latex/base/size12.clo
File: size12.clo 2007/10/19 v1.4h Standard LaTeX file (size option)
)
\c@part=\count79
\c@section=\count80
\c@subsection=\count81
\c@subsubsection=\count82
\c@paragraph=\count83
\c@subparagraph=\count84
\c@figure=\count85
\c@table=\count86
\abovecaptionskip=\skip41
\belowcaptionskip=\skip42
\bibindent=\dimen102
)
(/usr/share/texmf-texlive/tex/latex/amsmath/amsmath.sty
Package: amsmath 2000/07/18 v2.13 AMS math features
\@mathmargin=\skip43

For additional information on amsmath, use the `?' option.
(/usr/share/texmf-texlive/tex/latex/amsmath/amstext.sty
Package: amstext 2000/06/29 v2.01

(/usr/share/texmf-texlive/tex/latex/amsmath/amsgen.sty
File: amsgen.sty 1999/11/30 v2.0
\@emptytoks=\toks14
\ex@=\dimen103
))
(/usr/share/texmf-texlive/tex/latex/amsmath/amsbsy.sty
Package: amsbsy 1999/11/29 v1.2d
\pmbraise@=\dimen104
)
(/usr/share/texmf-texlive/tex/latex/amsmath/amsopn.sty
Package: amsopn 1999/12/14 v2.01 operator names
)
\inf@bad=\count87
LaTeX Info: Redefining \frac on input line 211.
\uproot@=\count88
\leftroot@=\count89
LaTeX Info: Redefining \overline on input line 307.
\classnum@=\count90
\DOTSCASE@=\count91
LaTeX Info: Redefining \ldots on input line 379.
LaTeX Info: Redefining \dots on input line 382.
LaTeX Info: Redefining \cdots on input line 467.
\Mathstrutbox@=\box26
\strutbox@=\box27
\big@size=\dimen105
LaTeX Font Info:    Redeclaring font encoding OML on input line 567.
LaTeX Font Info:    Redeclaring font encoding OMS on input line 568.
\macc@depth=\count92
\c@MaxMatrixCols=\count93
\dotsspace@=\muskip10
\c@parentequation=\count94
\dspbrk@lvl=\count95
\tag@help=\toks15
\row@=\count96
\column@=\count97
\maxfields@=\count98
\andhelp@=\toks16
\eqnshift@=\dimen106
\alignsep@=\dimen107
\tagshift@=\dimen108
\tagwidth@=\dimen109
\totwidth@=\dimen110
\lineht@=\dimen111
\@envbody=\toks17
\multlinegap=\skip44
\multlinetaggap=\skip45
\mathdisplay@stack=\toks18
LaTeX Info: Redefining \[ on input line 2666.
LaTeX Info: Redefining \] on input line 2667.
)
(/usr/share/texmf-texlive/tex/latex/amsfonts/amssymb.sty
Package: amssymb 2009/06/22 v3.00

(/usr/share/texmf-texlive/tex/latex/amsfonts/amsfonts.sty
Package: amsfonts 2009/06/22 v3.00 Basic AMSFonts support
\symAMSa=\mathgroup4
\symAMSb=\mathgroup5
LaTeX Font Info:    Overwriting math alphabet `\mathfrak' in version `bold'
(Font)                  U/euf/m/n --> U/euf/b/n on input line 96.
))
(/usr/share/texmf-texlive/tex/latex/amscls/amsthm.sty
Package: amsthm 2004/08/06 v2.20
\thm@style=\toks19
\thm@bodyfont=\toks20
\thm@headfont=\toks21
\thm@notefont=\toks22
\thm@headpunct=\toks23
\thm@preskip=\skip46
\thm@postskip=\skip47
\thm@headsep=\skip48
\dth@everypar=\toks24
)
(/usr/share/texmf-texlive/tex/latex/listings/listings.sty
(/usr/share/texmf-texlive/tex/latex/graphics/keyval.sty
Package: keyval 1999/03/16 v1.13 key=value parser (DPC)
\KV@toks@=\toks25
)
\lst@mode=\count99
\lst@gtempboxa=\box28
\lst@token=\toks26
\lst@length=\count100
\lst@currlwidth=\dimen112
\lst@column=\count101
\lst@pos=\count102
\lst@lostspace=\dimen113
\lst@width=\dimen114
\lst@newlines=\count103
\lst@lineno=\count104
\lst@maxwidth=\dimen115

(/usr/share/texmf-texlive/tex/latex/listings/lstmisc.sty
File: lstmisc.sty 2007/02/22 1.4 (Carsten Heinz)
\c@lstnumber=\count105
\lst@skipnumbers=\count106
\lst@framebox=\box29
)
(/usr/share/texmf-texlive/tex/latex/listings/listings.cfg
File: listings.cfg 2007/02/22 1.4 listings configuration
))
Package: listings 2007/02/22 1.4 (Carsten Heinz)

(/usr/share/texmf-texlive/tex/latex/graphics/graphicx.sty
Package: graphicx 1999/02/16 v1.0f Enhanced LaTeX Graphics (DPC,SPQR)

(/usr/share/texmf-texlive/tex/latex/graphics/graphics.sty
Package: graphics 2009/02/05 v1.0o Standard LaTeX Graphics (DPC,SPQR)

(/usr/share/texmf-texlive/tex/latex/graphics/trig.sty
Package: trig 1999/03/16 v1.09 sin cos tan (DPC)
)
(/etc/texmf/tex/latex/config/graphics.cfg
File: graphics.cfg 2009/08/28 v1.8 graphics configuration of TeX Live
)
Package graphics Info: Driver file: pdftex.def on input line 91.

(/usr/share/texmf-texlive/tex/latex/pdftex-def/pdftex.def
File: pdftex.def 2010/03/12 v0.04p Graphics/color for pdfTeX
\Gread@gobject=\count107
))
\Gin@req@height=\dimen116
\Gin@req@width=\dimen117
)
(/usr/share/texmf-texlive/tex/latex/setspace/setspace.sty
Package: setspace 2000/12/01 6.7 Contributed and Supported LaTeX2e package

Package: `setspace' 6.7 <2000/12/01>
) (/usr/share/texmf-texlive/tex/latex/float/float.sty
Package: float 2001/11/08 v1.3d Float enhancements (AL)
\c@float@type=\count108
\float@exts=\toks27
\float@box=\box30
\@float@everytoks=\toks28
\@floatcapt=\box31
)
(/usr/share/texmf-texlive/tex/latex/program/program.sty
\@gtempa=\dimen118
\@gtempa=\dimen119
\@gtempa=\dimen120
\@gtempa=\dimen121
\@gtempa=\dimen122
\@gtempa=\dimen123
\@gtempa=\dimen124
\@gtempa=\dimen125
\@gtempa=\dimen126
\@gtempa=\dimen127
\@gtempa=\dimen128
\@gtempa=\dimen129
\@gtempa=\dimen130
\@gtempa=\dimen131
\@gtempa=\dimen132
\@gtempa=\dimen133
\@gtempa=\dimen134
\@gtempa=\dimen135
\@gtempa=\dimen136
\@gtempa=\dimen137
\@gtempa=\dimen138
\@gtempa=\dimen139
\@gtempa=\dimen140
\@gtempa=\dimen141
\@gtempa=\dimen142
\@gtempa=\dimen143
\@gtempa=\dimen144
\@gtempa=\dimen145
\@gtempa=\dimen146
\@gtempa=\dimen147
\@gtempa=\dimen148
\@gtempa=\dimen149
\@gtempa=\dimen150
\@gtempa=\dimen151
\@gtempa=\dimen152
\@gtempa=\dimen153
\@gtempa=\dimen154
\@gtempa=\dimen155
\@gtempa=\dimen156
\@gtempa=\dimen157
\@gtempa=\dimen158
\@gtempa=\dimen159
\@gtempa=\dimen160
\@gtempa=\dimen161
\@gtempa=\dimen162
\@gtempa=\dimen163
\@gtempa=\dimen164
\@gtempa=\dimen165
\@gtempa=\dimen166
\@gtempa=\dimen167
\c@programline=\count109
\old@nxttabmar=\count110
\symeulerletters=\mathgroup6
\powersetbox=\box32
LaTeX Font Info:    Try loading font information for U+msa on input line 839.

(/usr/share/texmf-texlive/tex/latex/amsfonts/umsa.fd
File: umsa.fd 2009/06/22 v3.00 AMS symbols A
)
LaTeX Font Info:    Try loading font information for U+msb on input line 839.

(/usr/share/texmf-texlive/tex/latex/amsfonts/umsb.fd
File: umsb.fd 2009/06/22 v3.00 AMS symbols B
)
LaTeX Font Info:    Try loading font information for U+eur on input line 839.

(/usr/share/texmf-texlive/tex/latex/amsfonts/ueur.fd
File: ueur.fd 2009/06/22 v3.00 Euler Roman
))
(/usr/share/texmf-texlive/tex/latex/pdfpages/pdfpages.sty
Package: pdfpages 2009/02/07 v0.4g Insert pages of external PDF documents (AM)

(/usr/share/texmf-texlive/tex/latex/base/ifthen.sty
Package: ifthen 2001/05/26 v1.1c Standard LaTeX ifthen package (DPC)
)
(/usr/share/texmf-texlive/tex/latex/tools/calc.sty
Package: calc 2007/08/22 v4.3 Infix arithmetic (KKT,FJ)
\calc@Acount=\count111
\calc@Bcount=\count112
\calc@Adimen=\dimen168
\calc@Bdimen=\dimen169
\calc@Askip=\skip49
\calc@Bskip=\skip50
LaTeX Info: Redefining \setlength on input line 76.
LaTeX Info: Redefining \addtolength on input line 77.
\calc@Ccount=\count113
\calc@Cskip=\skip51
)
(/usr/share/texmf-texlive/tex/latex/eso-pic/eso-pic.sty
Package: eso-pic 2006/07/14 v1.1d eso-pic (RN)

(/usr/share/texmf-texlive/tex/latex/ms/everyshi.sty
Package: everyshi 2001/05/15 v3.00 EveryShipout Package (MS)
))
(/usr/share/texmf-texlive/tex/latex/pdfpages/pppdftex.def
File: pppdftex.def 2009/02/07 v0.4g Pdfpages driver for pdfTeX (AM)
)
\AM@pagebox=\box33
\AM@toc@title=\toks29
\c@AM@survey=\count114
\AM@templatesizebox=\box34
)
\@float@every@table=\toks30
\c@definition=\count115
\c@theorem=\count116

(./CatalanStructuresBijectionsStuartPaton2013.aux)
\openout1 = `CatalanStructuresBijectionsStuartPaton2013.aux'.

LaTeX Font Info:    Checking defaults for OML/cmm/m/it on input line 23.
LaTeX Font Info:    ... okay on input line 23.
LaTeX Font Info:    Checking defaults for T1/cmr/m/n on input line 23.
LaTeX Font Info:    ... okay on input line 23.
LaTeX Font Info:    Checking defaults for OT1/cmr/m/n on input line 23.
LaTeX Font Info:    ... okay on input line 23.
LaTeX Font Info:    Checking defaults for OMS/cmsy/m/n on input line 23.
LaTeX Font Info:    ... okay on input line 23.
LaTeX Font Info:    Checking defaults for OMX/cmex/m/n on input line 23.
LaTeX Font Info:    ... okay on input line 23.
LaTeX Font Info:    Checking defaults for U/cmr/m/n on input line 23.
LaTeX Font Info:    ... okay on input line 23.
\c@lstlisting=\count117

(/usr/share/texmf-texlive/tex/context/base/supp-pdf.mkii
[Loading MPS to PDF converter (version 2006.09.02).]
\scratchcounter=\count118
\scratchdimen=\dimen170
\scratchbox=\box35
\nofMPsegments=\count119
\nofMParguments=\count120
\everyMPshowfont=\toks31
\MPscratchCnt=\count121
\MPscratchDim=\dimen171
\MPnumerator=\count122
\everyMPtoPDFconversion=\toks32
) ABD: EveryShipout initializing macros
(/usr/share/texmf-texlive/tex/latex/graphics/color.sty
Package: color 2005/11/14 v1.0j Standard LaTeX Color (DPC)

(/etc/texmf/tex/latex/config/color.cfg
File: color.cfg 2007/01/18 v1.5 color configuration of teTeX/TeXLive
)
Package color Info: Driver file: pdftex.def on input line 130.
)
<titlePage.pdf, id=5, page=1, 597.23125pt x 845.1575pt>
File: titlePage.pdf Graphic file (type pdf)

<use titlePage.pdf, page 1>
File: titlePage.pdf Graphic file (type pdf)
 <use titlePage.pdf, page 1>
File: titlePage.pdf Graphic file (type pdf)

<use titlePage.pdf, page 1>
File: titlePage.pdf Graphic file (type pdf)
 <use titlePage.pdf, page 1>
File: titlePage.pdf Graphic file (type pdf)

<use titlePage.pdf, page 1> [1

 <./titlePage.pdf>]

! LaTeX Error: There's no line here to end.

See the LaTeX manual or LaTeX Companion for explanation.
Type  H <return>  for immediate help.
 ...                                              
                                                  
l.32 {\\ \centering
                   {\bf{Abstract} \\}}
? 
LaTeX Font Info:    Try loading font information for U+euf on input line 33.
(/usr/share/texmf-texlive/tex/latex/amsfonts/ueuf.fd
File: ueuf.fd 2009/06/22 v3.00 Euler Fraktur
) [1{/var/lib/texmf/fonts/map/pdftex/updmap/pdftex.map}]

! LaTeX Error: There's no line here to end.

See the LaTeX manual or LaTeX Companion for explanation.
Type  H <return>  for immediate help.
 ...                                              
                                                  
l.46 {\\ \centering
                   {\bf{Acknowledgements} \\}}
? 
[2

] (./CatalanStructuresBijectionsStuartPaton2013.toc [3

] [4] [5])
\tf@toc=\write3
\openout3 = `CatalanStructuresBijectionsStuartPaton2013.toc'.

 [6]
Underfull \hbox (badness 10000) in paragraph at lines 72--73

 []

[7] [8] [9]
\c@mydef=\count123
 [10] [11] [12]
Underfull \hbox (badness 10000) in paragraph at lines 116--117

 []


Underfull \hbox (badness 10000) in paragraph at lines 122--126

 []


Underfull \hbox (badness 10000) in paragraph at lines 122--126

 []

! Missing } inserted.
<inserted text> 
                }
l.129 \end{split}
                 
? 

! LaTeX Error: \mathfrak allowed only in math mode.

See the LaTeX manual or LaTeX Companion for explanation.
Type  H <return>  for immediate help.
 ...                                              
                                                  
l.129 \end{split}
                 
? 

! LaTeX Error: \mathfrak allowed only in math mode.

See the LaTeX manual or LaTeX Companion for explanation.
Type  H <return>  for immediate help.
 ...                                              
                                                  
l.129 \end{split}
                 
? 

! LaTeX Error: \mathfrak allowed only in math mode.

See the LaTeX manual or LaTeX Companion for explanation.
Type  H <return>  for immediate help.
 ...                                              
                                                  
l.129 \end{split}
                 
? 

! LaTeX Error: \mathfrak allowed only in math mode.

See the LaTeX manual or LaTeX Companion for explanation.
Type  H <return>  for immediate help.
 ...                                              
                                                  
l.129 \end{split}
                 
? 
! Missing { inserted.
<inserted text> 
                {
l.129 \end{split}
                 
? 
! Missing } inserted.
<inserted text> 
                }
l.129 \end{split}
                 
? 

! LaTeX Error: \mathfrak allowed only in math mode.

See the LaTeX manual or LaTeX Companion for explanation.
Type  H <return>  for immediate help.
 ...                                              
                                                  
l.129 \end{split}
                 
? 

! LaTeX Error: \mathfrak allowed only in math mode.

See the LaTeX manual or LaTeX Companion for explanation.
Type  H <return>  for immediate help.
 ...                                              
                                                  
l.129 \end{split}
                 
? 

! LaTeX Error: \mathfrak allowed only in math mode.

See the LaTeX manual or LaTeX Companion for explanation.
Type  H <return>  for immediate help.
 ...                                              
                                                  
l.129 \end{split}
                 
? 

! LaTeX Error: \mathfrak allowed only in math mode.

See the LaTeX manual or LaTeX Companion for explanation.
Type  H <return>  for immediate help.
 ...                                              
                                                  
l.129 \end{split}
                 
? 
! Missing { inserted.
<inserted text> 
                {
l.129 \end{split}
                 
? 

Underfull \hbox (badness 10000) in paragraph at lines 130--138

 []

! Missing } inserted.
<inserted text> 
                }
l.141 \end{split}
                 
? 

! LaTeX Error: \mathfrak allowed only in math mode.

See the LaTeX manual or LaTeX Companion for explanation.
Type  H <return>  for immediate help.
 ...                                              
                                                  
l.141 \end{split}
                 
? 
! Missing $ inserted.
<inserted text> 
                $
l.141 \end{split}
                 
? 
! Missing { inserted.
<inserted text> 
                {
l.141 \end{split}
                 
? 
! Missing $ inserted.
<inserted text> 
                $
l.141 \end{split}
                 
? 
! Missing } inserted.
<inserted text> 
                }
l.141 \end{split}
                 
? 

! LaTeX Error: \mathfrak allowed only in math mode.

See the LaTeX manual or LaTeX Companion for explanation.
Type  H <return>  for immediate help.
 ...                                              
                                                  
l.141 \end{split}
                 
? 
! Missing $ inserted.
<inserted text> 
                $
l.141 \end{split}
                 
? 
! Missing { inserted.
<inserted text> 
                {
l.141 \end{split}
                 
? 
! Missing $ inserted.
<inserted text> 
                $
l.141 \end{split}
                 
? 

Underfull \hbox (badness 10000) in paragraph at lines 146--148

 []

! Missing } inserted.
<inserted text> 
                }
l.153 \end{split}
                 
? 

! LaTeX Error: \mathfrak allowed only in math mode.

See the LaTeX manual or LaTeX Companion for explanation.
Type  H <return>  for immediate help.
 ...                                              
                                                  
l.153 \end{split}
                 
? 
! Missing { inserted.
<inserted text> 
                {
l.153 \end{split}
                 
? 
! Missing } inserted.
<inserted text> 
                }
l.153 \end{split}
                 
? 
! Missing $ inserted.
<inserted text> 
                $
l.153 \end{split}
                 
? 
! Missing { inserted.
<inserted text> 
                {
l.153 \end{split}
                 
? 
! Missing $ inserted.
<inserted text> 
                $
l.153 \end{split}
                 
? 
! Missing } inserted.
<inserted text> 
                }
l.153 \end{split}
                 
? 
! Missing $ inserted.
<inserted text> 
                $
l.153 \end{split}
                 
? 
! Missing { inserted.
<inserted text> 
                {
l.153 \end{split}
                 
? 
! Missing $ inserted.
<inserted text> 
                $
l.153 \end{split}
                 
? 
! Missing } inserted.
<inserted text> 
                }
l.153 \end{split}
                 
? 

! LaTeX Error: \mathfrak allowed only in math mode.

See the LaTeX manual or LaTeX Companion for explanation.
Type  H <return>  for immediate help.
 ...                                              
                                                  
l.153 \end{split}
                 
? 
! Missing { inserted.
<inserted text> 
                {
l.153 \end{split}
                 
? 
! Missing } inserted.
<inserted text> 
                }
l.153 \end{split}
                 
? 
! Missing $ inserted.
<inserted text> 
                $
l.153 \end{split}
                 
? 
! Missing { inserted.
<inserted text> 
                {
l.153 \end{split}
                 
? 
! Missing $ inserted.
<inserted text> 
                $
l.153 \end{split}
                 
? 
! Missing } inserted.
<inserted text> 
                }
l.153 \end{split}
                 
? 
! Missing $ inserted.
<inserted text> 
                $
l.153 \end{split}
                 
? 
! Missing { inserted.
<inserted text> 
                {
l.153 \end{split}
                 
? 
! Missing $ inserted.
<inserted text> 
                $
l.153 \end{split}
                 
? 
[13]
Underfull \hbox (badness 10000) in paragraph at lines 156--157

 []

! Missing } inserted.
<inserted text> 
                }
l.160 \end{split}
                 
? 
! Missing $ inserted.
<inserted text> 
                $
l.160 \end{split}
                 
? 
! Missing { inserted.
<inserted text> 
                {
l.160 \end{split}
                 
? 
! Missing $ inserted.
<inserted text> 
                $
l.160 \end{split}
                 
? 
! Missing } inserted.
<inserted text> 
                }
l.160 \end{split}
                 
? 
! Missing $ inserted.
<inserted text> 
                $
l.160 \end{split}
                 
? 
! Missing { inserted.
<inserted text> 
                {
l.160 \end{split}
                 
? 
! Missing $ inserted.
<inserted text> 
                $
l.160 \end{split}
                 
? 

Underfull \hbox (badness 10000) in paragraph at lines 161--164

 []

! Missing } inserted.
<inserted text> 
                }
l.167 \end{split}
                 
? 
! Missing $ inserted.
<inserted text> 
                $
l.167 \end{split}
                 
? 
! Missing { inserted.
<inserted text> 
                {
l.167 \end{split}
                 
? 
! Missing $ inserted.
<inserted text> 
                $
l.167 \end{split}
                 
? 
! Missing } inserted.
<inserted text> 
                }
l.167 \end{split}
                 
? 
! Missing $ inserted.
<inserted text> 
                $
l.167 \end{split}
                 
? 
! Missing { inserted.
<inserted text> 
                {
l.167 \end{split}
                 
? 
! Missing $ inserted.
<inserted text> 
                $
l.167 \end{split}
                 
? 

Underfull \hbox (badness 10000) in paragraph at lines 168--170

 []


! LaTeX Error: \begin{split} on input line 171 ended by \end{equation}.

See the LaTeX manual or LaTeX Companion for explanation.
Type  H <return>  for immediate help.
 ...                                              
                                                  
l.178 \end{equation}
                    
? 
! Missing } inserted.
<inserted text> 
                }
l.178 \end{equation}
                    
? 
! Missing $ inserted.
<inserted text> 
                $
l.178 \end{equation}
                    
? 
! Missing { inserted.
<inserted text> 
                {
l.178 \end{equation}
                    
? 
! Missing $ inserted.
<inserted text> 
                $
l.178 \end{equation}
                    
? 
! Missing } inserted.
<inserted text> 
                }
l.178 \end{equation}
                    
? 
! Missing $ inserted.
<inserted text> 
                $
l.178 \end{equation}
                    
? 
! Missing { inserted.
<inserted text> 
                {
l.178 \end{equation}
                    
? 
! Missing $ inserted.
<inserted text> 
                $
l.178 \end{equation}
                    
? 
! Missing } inserted.
<inserted text> 
                }
l.178 \end{equation}
                    
? 
! Missing $ inserted.
<inserted text> 
                $
l.178 \end{equation}
                    
? 
! Missing { inserted.
<inserted text> 
                {
l.178 \end{equation}
                    
? 
! Missing $ inserted.
<inserted text> 
                $
l.178 \end{equation}
                    
? 
! Missing } inserted.
<inserted text> 
                }
l.178 \end{equation}
                    
? 
! Missing $ inserted.
<inserted text> 
                $
l.178 \end{equation}
                    
? 
! Missing { inserted.
<inserted text> 
                {
l.178 \end{equation}
                    
? 
! Missing $ inserted.
<inserted text> 
                $
l.178 \end{equation}
                    
? 
! Missing } inserted.
<inserted text> 
                }
l.178 \end{equation}
                    
? 
! Missing $ inserted.
<inserted text> 
                $
l.178 \end{equation}
                    
? 
! Missing { inserted.
<inserted text> 
                {
l.178 \end{equation}
                    
? 
! Missing $ inserted.
<inserted text> 
                $
l.178 \end{equation}
                    
? 
! Missing } inserted.
<inserted text> 
                }
l.178 \end{equation}
                    
? 
! Missing $ inserted.
<inserted text> 
                $
l.178 \end{equation}
                    
? 
! Missing { inserted.
<inserted text> 
                {
l.178 \end{equation}
                    
? 
! Missing $ inserted.
<inserted text> 
                $
l.178 \end{equation}
                    
? 
! Missing } inserted.
<inserted text> 
                }
l.178 \end{equation}
                    
? 
! Missing $ inserted.
<inserted text> 
                $
l.178 \end{equation}
                    
? 
! Missing { inserted.
<inserted text> 
                {
l.178 \end{equation}
                    
? 
! Missing $ inserted.
<inserted text> 
                $
l.178 \end{equation}
                    
? 
! Missing } inserted.
<inserted text> 
                }
l.178 \end{equation}
                    
? 
! Missing $ inserted.
<inserted text> 
                $
l.178 \end{equation}
                    
? 
! Missing { inserted.
<inserted text> 
                {
l.178 \end{equation}
                    
? 
! Missing $ inserted.
<inserted text> 
                $
l.178 \end{equation}
                    
? 
! Missing } inserted.
<inserted text> 
                }
l.178 \end{equation}
                    
? 
! Missing $ inserted.
<inserted text> 
                $
l.178 \end{equation}
                    
? 
! Missing { inserted.
<inserted text> 
                {
l.178 \end{equation}
                    
? 
! Missing $ inserted.
<inserted text> 
                $
l.178 \end{equation}
                    
? 
! Missing } inserted.
<inserted text> 
                }
l.178 \end{equation}
                    
? 
! Missing $ inserted.
<inserted text> 
                $
l.178 \end{equation}
                    
? 
! Missing { inserted.
<inserted text> 
                {
l.178 \end{equation}
                    
? 
! Missing $ inserted.
<inserted text> 
                $
l.178 \end{equation}
                    
? 
! Missing } inserted.
<inserted text> 
                }
l.178 \end{equation}
                    
? 
! Missing $ inserted.
<inserted text> 
                $
l.178 \end{equation}
                    
? 
! Missing { inserted.
<inserted text> 
                {
l.178 \end{equation}
                    
? 
! Missing $ inserted.
<inserted text> 
                $
l.178 \end{equation}
                    
? 
! Missing } inserted.
<inserted text> 
                }
l.178 \end{equation}
                    
? 
! Missing $ inserted.
<inserted text> 
                $
l.178 \end{equation}
                    
? 
! Missing { inserted.
<inserted text> 
                {
l.178 \end{equation}
                    
? 
! Missing $ inserted.
<inserted text> 
                $
l.178 \end{equation}
                    
? 

! LaTeX Error: \begin{equation} on input line 170 ended by \end{split}.

See the LaTeX manual or LaTeX Companion for explanation.
Type  H <return>  for immediate help.
 ...                                              
                                                  
l.179 \end{split}
                 
? 
! Missing $ inserted.
<inserted text> 
                $
l.179 \end{split}
                 
? 
! Display math should end with $$.
<to be read again> 
                   \endgroup 
l.179 \end{split}
                 
? 
! Missing $ inserted.
<inserted text> 
                $
l.179 \end{split}
                 
? 
! Missing $ inserted.
<inserted text> 
                $
l.179 \end{split}
                 
? 

Underfull \hbox (badness 10000) in paragraph at lines 179--181

 []

! Missing } inserted.
<inserted text> 
                }
l.184 \end{split}
                 
? 
! Missing $ inserted.
<inserted text> 
                $
l.184 \end{split}
                 
? 
! Missing { inserted.
<inserted text> 
                {
l.184 \end{split}
                 
? 
! Missing $ inserted.
<inserted text> 
                $
l.184 \end{split}
                 
? 
! Missing } inserted.
<inserted text> 
                }
l.184 \end{split}
                 
? 
! Missing $ inserted.
<inserted text> 
                $
l.184 \end{split}
                 
? 
! Missing { inserted.
<inserted text> 
                {
l.184 \end{split}
                 
? 
! Missing $ inserted.
<inserted text> 
                $
l.184 \end{split}
                 
? 

Underfull \hbox (badness 10000) in paragraph at lines 185--188

 []

[14]
! Missing } inserted.
<inserted text> 
                }
l.194 \end{split}
                 
? 
! Missing $ inserted.
<inserted text> 
                $
l.194 \end{split}
                 
? 
! Missing { inserted.
<inserted text> 
                {
l.194 \end{split}
                 
? 
! Missing $ inserted.
<inserted text> 
                $
l.194 \end{split}
                 
? 
! Missing } inserted.
<inserted text> 
                }
l.194 \end{split}
                 
? 
! Missing $ inserted.
<inserted text> 
                $
l.194 \end{split}
                 
? 
! Missing { inserted.
<inserted text> 
                {
l.194 \end{split}
                 
? 
! Missing $ inserted.
<inserted text> 
                $
l.194 \end{split}
                 
? 
! Missing } inserted.
<inserted text> 
                }
l.194 \end{split}
                 
? 
! Missing $ inserted.
<inserted text> 
                $
l.194 \end{split}
                 
? 
! Missing { inserted.
<inserted text> 
                {
l.194 \end{split}
                 
? 
! Missing $ inserted.
<inserted text> 
                $
l.194 \end{split}
                 
? 
! Missing } inserted.
<inserted text> 
                }
l.194 \end{split}
                 
? 
! Missing $ inserted.
<inserted text> 
                $
l.194 \end{split}
                 
? 
! Missing { inserted.
<inserted text> 
                {
l.194 \end{split}
                 
? 
! Missing $ inserted.
<inserted text> 
                $
l.194 \end{split}
                 
? 
! Missing } inserted.
<inserted text> 
                }
l.194 \end{split}
                 
? 
! Missing $ inserted.
<inserted text> 
                $
l.194 \end{split}
                 
? 
! Missing { inserted.
<inserted text> 
                {
l.194 \end{split}
                 
? 
! Missing $ inserted.
<inserted text> 
                $
l.194 \end{split}
                 
? 
! Missing } inserted.
<inserted text> 
                }
l.194 \end{split}
                 
? 
! Missing $ inserted.
<inserted text> 
                $
l.194 \end{split}
                 
? 
! Missing { inserted.
<inserted text> 
                {
l.194 \end{split}
                 
? 
! Missing $ inserted.
<inserted text> 
                $
l.194 \end{split}
                 
? 

Underfull \hbox (badness 10000) in paragraph at lines 202--208

 []


! LaTeX Error: \begin{definition} on input line 213 ended by \end{defintion}.

See the LaTeX manual or LaTeX Companion for explanation.
Type  H <return>  for immediate help.
 ...                                              
                                                  
l.215 \end{defintion}
                     
? 
[15]
! Missing $ inserted.
<inserted text> 
                $
l.227 ...ack. Hence our theorem is proven. \square
                                                  
? 
! Missing $ inserted.
<inserted text> 
                $
l.228 
      
? 
! Missing $ inserted.
<inserted text> 
                $
l.239 ...rn so $\sigma$ is stack sortable. \square
                                                  
? 
! Missing $ inserted.
<inserted text> 
                $
l.240 
      
? 

Underfull \hbox (badness 10000) in paragraph at lines 241--242

 []

[16]
! Missing $ inserted.
<inserted text> 
                $
l.247 ...ight of $n$. Formally this is: $|s(\sigma
                                                  )| = |s(\alpha)| * |s(\bet...

? 
! Missing $ inserted.
<inserted text> 
                $
l.247 ...ht of $n$. Formally this is: $|s(\sigma)|
                                                   = |s(\alpha)| * |s(\beta)...

? 
! Missing $ inserted.
<inserted text> 
                $
l.247 ...ormally this is: $|s(\sigma)| = |s(\alpha
                                                  )| * |s(\beta)|$.\\
? 
! Missing $ inserted.
<inserted text> 
                $
l.247 ...mally this is: $|s(\sigma)| = |s(\alpha)|
                                                   * |s(\beta)|$.\\
? 
! Missing $ inserted.
<inserted text> 
                $
l.247 ...is: $|s(\sigma)| = |s(\alpha)| * |s(\beta
                                                  )|$.\\
? 
! Missing $ inserted.
<inserted text> 
                $
l.247 ...: $|s(\sigma)| = |s(\alpha)| * |s(\beta)|
                                                  $.\\
? 
! Missing $ inserted.
<inserted text> 
                $
l.252 \square
             
? 
! Missing $ inserted.
<inserted text> 
                $
l.253 
      
? 
[17]
LaTeX Font Info:    Try loading font information for OMS+cmr on input line 273.

 (/usr/share/texmf-texlive/tex/latex/base/omscmr.fd
File: omscmr.fd 1999/05/25 v2.5h Standard LaTeX font definitions
)
LaTeX Font Info:    Font shape `OMS/cmr/m/n' in size <12> not available
(Font)              Font shape `OMS/cmsy/m/n' tried instead on input line 273.

Overfull \hbox (0.77928pt too wide) in paragraph at lines 274--275
[]\OT1/cmr/m/n/12 Every line seg-ment be-tween two ver-tices re-mains in-side o
r on the bound-
 []

[18]
Underfull \hbox (badness 10000) in paragraph at lines 311--313

 []

[19]
Underfull \hbox (badness 10000) in paragraph at lines 319--320

 []

! Missing $ inserted.
<inserted text> 
                $
l.331 \begin{matrix}
                    
? 
! Missing $ inserted.
<inserted text> 
                $
l.332 $t_
         {11}$ & $\dots$ & $t_{1n}$\\
? 
! Missing $ inserted.
<inserted text> 
                $
l.332 $t_{11}$ &
                 $\dots$ & $t_{1n}$\\
? 
! Missing $ inserted.
<inserted text> 
                $
l.332 $t_{11}$ & $\dots$ & $t_
                              {1n}$\\
? 
! Missing $ inserted.
<inserted text> 
                $
l.332 $t_{11}$ & $\dots$ & $t_{1n}$\\
                                     
? 
! Missing $ inserted.
<inserted text> 
                $
l.333 $t_
         {21}$ & $\dots$ & $t_{2n}$
? 
! Missing $ inserted.
<inserted text> 
                $
l.333 $t_{21}$ &
                 $\dots$ & $t_{2n}$
? 
! Missing $ inserted.
<inserted text> 
                $
l.333 $t_{21}$ & $\dots$ & $t_
                              {2n}$
? 
! Missing $ inserted.
<inserted text> 
                $
l.334 \end{matrix}
                  
? 
! Missing $ inserted.
<inserted text> 
                $
l.334 \end{matrix}
                  
? 
! Missing $ inserted.
<inserted text> 
                $
l.337 \begin{matrix}
                    
? 
! Missing $ inserted.
<inserted text> 
                $
l.338 $t_
         {a1}$ & $\dots$ & $t_{an}$\\
? 
! Missing $ inserted.
<inserted text> 
                $
l.338 $t_{a1}$ &
                 $\dots$ & $t_{an}$\\
? 
! Missing $ inserted.
<inserted text> 
                $
l.338 $t_{a1}$ & $\dots$ & $t_
                              {an}$\\
? 
! Missing $ inserted.
<inserted text> 
                $
l.338 $t_{a1}$ & $\dots$ & $t_{an}$\\
                                     
? 
! Missing $ inserted.
<inserted text> 
                $
l.339 $t_
         {b1}$ & $\dots$ & $t_{bn}$
? 
! Missing $ inserted.
<inserted text> 
                $
l.339 $t_{b1}$ &
                 $\dots$ & $t_{bn}$
? 
! Missing $ inserted.
<inserted text> 
                $
l.339 $t_{b1}$ & $\dots$ & $t_
                              {bn}$
? 
! Missing $ inserted.
<inserted text> 
                $
l.340 \end{matrix}
                  
? 
! Missing $ inserted.
<inserted text> 
                $
l.340 \end{matrix}
                  
? 
! Missing $ inserted.
<inserted text> 
                $
l.342 ...\mid\BalParen_n\mid$ for all $n$. \square
                                                  
? 
! Missing $ inserted.
<inserted text> 
                $
l.346 
      
? 
[20] [21]
LaTeX Font Info:    Try loading font information for OML+cmr on input line 355.

 (/usr/share/texmf-texlive/tex/latex/base/omlcmr.fd
File: omlcmr.fd 1999/05/25 v2.5h Standard LaTeX font definitions
)
LaTeX Font Info:    Font shape `OML/cmr/m/n' in size <12> not available
(Font)              Font shape `OML/cmm/m/it' tried instead on input line 355.

Overfull \hbox (47.09924pt too wide) in paragraph at lines 369--370
[][][][][][][][][][][][][][][][][][][][][][][][][][] 
 []

[22]
Overfull \hbox (25.94928pt too wide) in paragraph at lines 377--378
[][][][][][][][][][][] 
 []

! Missing $ inserted.
<inserted text> 
                $
l.390 ...d as "the permutation of $1, 2, ..., |\pi
                                                  _L|$ obtained from $|\pi_L...

? 
! Missing $ inserted.
<inserted text> 
                $
l.390 ...s "the permutation of $1, 2, ..., |\pi_L|
                                                  $ obtained from $|\pi_L|$ ...

? 
! Missing $ inserted.
<inserted text> 
                $
l.390 ... $1, 2, ..., |\pi_L|$ obtained from $|\pi
                                                  _L|$ by subtracting $|\pi_...

? 
! Missing $ inserted.
<inserted text> 
                $
l.390 ..., 2, ..., |\pi_L|$ obtained from $|\pi_L|
                                                  $ by subtracting $|\pi_R|$...

? 
! Missing $ inserted.
<inserted text> 
                $
l.390 ...ained from $|\pi_L|$ by subtracting $|\pi
                                                  _R|$ from each of its lett...

? 
! Missing $ inserted.
<inserted text> 
                $
l.390 ...ed from $|\pi_L|$ by subtracting $|\pi_R|
                                                  $ from each of its letters...

? 
! Missing $ inserted.
<inserted text> 
                $
l.400 ...s this via the method for obtaining $|\pi
                                                  _L|$ above. Finally the fu...

? 
! Missing $ inserted.
<inserted text> 
                $
l.400 ...his via the method for obtaining $|\pi_L|
                                                  $ above. Finally the funct...

? 
[23]
Overfull \hbox (40.04926pt too wide) in paragraph at lines 408--409
[][][][][][][][][][][][][][][][][][][][][][][][] 
 []

[24] [25]
Overfull \hbox (40.04926pt too wide) in paragraph at lines 473--474
[][][][][][][][][][][][][][][][][][][][][][][][][][][][][][][][] 
 []


Overfull \hbox (32.99927pt too wide) in paragraph at lines 474--475
[][][][][][][][][][][][][][][][][][][][][][][][][][][][][][][][][][][][][][] 
 []

[26]

Package Listings Warning: Text dropped after begin of listing on input line 490
.

[27]
Overfull \hbox (18.89929pt too wide) in paragraph at lines 501--502
[][][][][][][][][][][][][][][][][][][][][][][][][][][][][][][][] 
 []


Overfull \hbox (47.09924pt too wide) in paragraph at lines 504--505
[][][][][][][][][][][][][][][][][][][][][][][][][][][][][][][][][][][] 
 []


Underfull \hbox (badness 10000) in paragraph at lines 523--524

 []

[28]
Overfull \hbox (54.14923pt too wide) in paragraph at lines 547--548
[][][][][][][][][][][] 
 []

[29]
Overfull \hbox (47.09924pt too wide) in paragraph at lines 564--565
[][][][][][][][][][][][][][][][][][][][][][][][][] 
 []


Underfull \hbox (badness 10000) in paragraph at lines 570--571

 []

[30] [31]
Overfull \hbox (54.14923pt too wide) in paragraph at lines 607--609
[][][][][][][][][][][][][][][][][][][][][][][][] 
 []


Overfull \hbox (96.44916pt too wide) in paragraph at lines 626--627
[][][][][][][][][][][][][][][][][][][][][][][][][][][][][][][][][] 
 []

[32]
Overfull \hbox (54.14923pt too wide) in paragraph at lines 646--647
[][][][][][][][][][][][][][][][][][][][][] 
 []

[33]
Overfull \hbox (96.44916pt too wide) in paragraph at lines 660--661
[][][][][][][][][][][][][][][][][][] 
 []


Overfull \hbox (47.09924pt too wide) in paragraph at lines 666--667
[][][][][][][][][][][][][][][][] 
 []


Overfull \hbox (68.2492pt too wide) in paragraph at lines 667--669
[][][][][][][][][][][][][][][][][][][][][][][][][] 
 []

[34]
Overfull \hbox (47.09924pt too wide) in paragraph at lines 691--692
[][][][][][][][][][][][][][][][] 
 []

[35]
Overfull \hbox (47.09924pt too wide) in paragraph at lines 702--703
[][][][][][][][][][][][][][][][][][][][][] 
 []


Overfull \hbox (32.99927pt too wide) in paragraph at lines 703--704
[][][][][][][][][][][][][][][][][][][] 
 []


Overfull \hbox (47.09924pt too wide) in paragraph at lines 706--707
[][][][][][][][][][][][][][][][][][] 
 []

[36]
Overfull \hbox (96.44916pt too wide) in paragraph at lines 718--719
[][][][][][][][][][][][][][][][][][][][][][] 
 []


Overfull \hbox (89.39917pt too wide) in paragraph at lines 720--721
[][][][][][][][][][][][][][][][][][][][][][][][] 
 []


Overfull \hbox (89.39917pt too wide) in paragraph at lines 728--729
[][][][][][][][][][][][][][][][][][][][][][] 
 []

[37]
Overfull \hbox (89.39917pt too wide) in paragraph at lines 748--749
[][][][][][][][][][][][][][][][][][][][][][] 
 []


Overfull \hbox (96.44916pt too wide) in paragraph at lines 750--751
[][][][][][][][][][][][][][][][][][][][][][][][] 
 []


Underfull \hbox (badness 10000) in paragraph at lines 755--756

 []

[38] [39]
Underfull \hbox (badness 10000) in paragraph at lines 798--801

 []

[40] [41]
Underfull \hbox (badness 10000) in paragraph at lines 844--845

 []


Overfull \hbox (25.94928pt too wide) in paragraph at lines 853--855
[][][][][][][][][][][][][][][][][][][][][][][][][][][][][][][][] 
 []

[42]
Underfull \hbox (badness 10000) in paragraph at lines 877--878

 []

<mainGUIScreenshot.jpeg, id=172, 644.4075pt x 511.9125pt>
File: mainGUIScreenshot.jpeg Graphic file (type jpg)

<use mainGUIScreenshot.jpeg>

! LaTeX Error: \caption outside float.

See the LaTeX manual or LaTeX Companion for explanation.
Type  H <return>  for immediate help.
 ...                                              
                                                  
l.881 \caption
              {Modelled using Glade \cite{Glade}}}\\
? 
! Undefined control sequence.
\caption ... \endcsname \fi \fi \@dblarg {\@tempf 
                                                  \@captype }
l.881 \caption
              {Modelled using Glade \cite{Glade}}}\\
? 
! Undefined control sequence.
\caption ...e \fi \fi \@dblarg {\@tempf \@captype 
                                                  }
l.881 \caption
              {Modelled using Glade \cite{Glade}}}\\
? 
[43]
Underfull \hbox (badness 10000) in paragraph at lines 881--884

 []

[44 <./mainGUIScreenshot.jpeg>]
Overfull \hbox (17.15916pt too wide) in paragraph at lines 904--906
\OT1/cmr/m/n/12 In the \OT1/cmr/m/it/12 init-Builder \OT1/cmr/m/n/12 func-tion,
 we cre-ate a new builder us-ing the func-tion \OT1/cmr/m/it/12 builderNew
 []


Underfull \hbox (badness 10000) in paragraph at lines 912--913

 []


Underfull \hbox (badness 10000) in paragraph at lines 915--920

 []

[45]
! Missing } inserted.
<inserted text> 
                }
l.923 \end{split}
                 
? 
! Missing $ inserted.
<inserted text> 
                $
l.923 \end{split}
                 
? 
! Missing { inserted.
<inserted text> 
                {
l.923 \end{split}
                 
? 
! Missing $ inserted.
<inserted text> 
                $
l.923 \end{split}
                 
? 
! Missing } inserted.
<inserted text> 
                }
l.923 \end{split}
                 
? 
! Missing $ inserted.
<inserted text> 
                $
l.923 \end{split}
                 
? 
! Missing { inserted.
<inserted text> 
                {
l.923 \end{split}
                 
? 
! Missing $ inserted.
<inserted text> 
                $
l.923 \end{split}
                 
? 

Underfull \hbox (badness 10000) in paragraph at lines 924--926

 []

! Undefined control sequence.
l.929 \subsubsubsection
                       {Example 1}
? 

Underfull \hbox (badness 10000) in paragraph at lines 929--932

 []

! Missing } inserted.
<inserted text> 
                }
l.938 \end{split}
                 
? 
! Missing $ inserted.
<inserted text> 
                $
l.938 \end{split}
                 
? 
! Missing { inserted.
<inserted text> 
                {
l.938 \end{split}
                 
? 
! Missing $ inserted.
<inserted text> 
                $
l.938 \end{split}
                 
? 
! Missing } inserted.
<inserted text> 
                }
l.938 \end{split}
                 
? 
! Missing $ inserted.
<inserted text> 
                $
l.938 \end{split}
                 
? 
! Missing { inserted.
<inserted text> 
                {
l.938 \end{split}
                 
? 
! Missing $ inserted.
<inserted text> 
                $
l.938 \end{split}
                 
? 
! Missing } inserted.
<inserted text> 
                }
l.938 \end{split}
                 
? 
! Missing $ inserted.
<inserted text> 
                $
l.938 \end{split}
                 
? 
! Missing { inserted.
<inserted text> 
                {
l.938 \end{split}
                 
? 
! Missing $ inserted.
<inserted text> 
                $
l.938 \end{split}
                 
? 
! Missing } inserted.
<inserted text> 
                }
l.938 \end{split}
                 
? 
! Missing { inserted.
<inserted text> 
                {
l.938 \end{split}
                 
? 
! Missing } inserted.
<inserted text> 
                }
l.938 \end{split}
                 
? 
! Missing $ inserted.
<inserted text> 
                $
l.938 \end{split}
                 
? 
! Missing { inserted.
<inserted text> 
                {
l.938 \end{split}
                 
? 
! Missing $ inserted.
<inserted text> 
                $
l.938 \end{split}
                 
? 
! Missing } inserted.
<inserted text> 
                }
l.938 \end{split}
                 
? 
! Missing $ inserted.
<inserted text> 
                $
l.938 \end{split}
                 
? 
! Missing { inserted.
<inserted text> 
                {
l.938 \end{split}
                 
? 
! Missing $ inserted.
<inserted text> 
                $
l.938 \end{split}
                 
? 
! Missing } inserted.
<inserted text> 
                }
l.938 \end{split}
                 
? 
! Missing $ inserted.
<inserted text> 
                $
l.938 \end{split}
                 
? 
! Missing { inserted.
<inserted text> 
                {
l.938 \end{split}
                 
? 
! Missing $ inserted.
<inserted text> 
                $
l.938 \end{split}
                 
? 
! Missing } inserted.
<inserted text> 
                }
l.938 \end{split}
                 
? 
! Missing { inserted.
<inserted text> 
                {
l.938 \end{split}
                 
? 
! Undefined control sequence.
l.942 \subsubsubsection
                       {Example 2}
? 

Underfull \hbox (badness 10000) in paragraph at lines 942--945

 []

! Missing } inserted.
<inserted text> 
                }
l.953 \end{split}
                 
? 
! Missing $ inserted.
<inserted text> 
                $
l.953 \end{split}
                 
? 
! Missing { inserted.
<inserted text> 
                {
l.953 \end{split}
                 
? 
! Missing $ inserted.
<inserted text> 
                $
l.953 \end{split}
                 
? 
! Missing } inserted.
<inserted text> 
                }
l.953 \end{split}
                 
? 
! Missing $ inserted.
<inserted text> 
                $
l.953 \end{split}
                 
? 
! Missing { inserted.
<inserted text> 
                {
l.953 \end{split}
                 
? 
! Missing $ inserted.
<inserted text> 
                $
l.953 \end{split}
                 
? 
! Missing } inserted.
<inserted text> 
                }
l.953 \end{split}
                 
? 
! Missing $ inserted.
<inserted text> 
                $
l.953 \end{split}
                 
? 
! Missing { inserted.
<inserted text> 
                {
l.953 \end{split}
                 
? 
! Missing $ inserted.
<inserted text> 
                $
l.953 \end{split}
                 
? 
! Missing } inserted.
<inserted text> 
                }
l.953 \end{split}
                 
? 
! Missing $ inserted.
<inserted text> 
                $
l.953 \end{split}
                 
? 
! Missing { inserted.
<inserted text> 
                {
l.953 \end{split}
                 
? 
! Missing $ inserted.
<inserted text> 
                $
l.953 \end{split}
                 
? 
! Missing } inserted.
<inserted text> 
                }
l.953 \end{split}
                 
? 
! Missing $ inserted.
<inserted text> 
                $
l.953 \end{split}
                 
? 
! Missing { inserted.
<inserted text> 
                {
l.953 \end{split}
                 
? 
! Missing $ inserted.
<inserted text> 
                $
l.953 \end{split}
                 
? 
! Missing } inserted.
<inserted text> 
                }
l.953 \end{split}
                 
? 
! Missing { inserted.
<inserted text> 
                {
l.953 \end{split}
                 
? 
! Missing } inserted.
<inserted text> 
                }
l.953 \end{split}
                 
? 
! Missing $ inserted.
<inserted text> 
                $
l.953 \end{split}
                 
? 
! Missing { inserted.
<inserted text> 
                {
l.953 \end{split}
                 
? 
! Missing $ inserted.
<inserted text> 
                $
l.953 \end{split}
                 
? 
! Missing } inserted.
<inserted text> 
                }
l.953 \end{split}
                 
? 
! Missing $ inserted.
<inserted text> 
                $
l.953 \end{split}
                 
? 
! Missing { inserted.
<inserted text> 
                {
l.953 \end{split}
                 
? 
! Missing $ inserted.
<inserted text> 
                $
l.953 \end{split}
                 
? 
! Missing } inserted.
<inserted text> 
                }
l.953 \end{split}
                 
? 
! Missing $ inserted.
<inserted text> 
                $
l.953 \end{split}
                 
? 
! Missing { inserted.
<inserted text> 
                {
l.953 \end{split}
                 
? 
! Missing $ inserted.
<inserted text> 
                $
l.953 \end{split}
                 
? 
! Missing } inserted.
<inserted text> 
                }
l.953 \end{split}
                 
? 
! Missing $ inserted.
<inserted text> 
                $
l.953 \end{split}
                 
? 
! Missing { inserted.
<inserted text> 
                {
l.953 \end{split}
                 
? 
! Missing $ inserted.
<inserted text> 
                $
l.953 \end{split}
                 
? 
! Missing } inserted.
<inserted text> 
                }
l.953 \end{split}
                 
? 
! Missing $ inserted.
<inserted text> 
                $
l.953 \end{split}
                 
? 
! Missing { inserted.
<inserted text> 
                {
l.953 \end{split}
                 
? 
! Missing $ inserted.
<inserted text> 
                $
l.953 \end{split}
                 
? 
! Missing } inserted.
<inserted text> 
                }
l.953 \end{split}
                 
? 
! Missing { inserted.
<inserted text> 
                {
l.953 \end{split}
                 
? 
[46] [47]
Overfull \hbox (5.80145pt too wide) in paragraph at lines 983--987
\OT1/cmr/m/n/12 An ex-am-ple of the Ful-mek bi-jec-tion is the 123-avoiding per
-mu-ta-tion $875964321$
 []

[48] [49]
Underfull \hbox (badness 10000) in paragraph at lines 1022--1047

 []

[50]
Underfull \hbox (badness 10000) in paragraph at lines 1049--1059

 []


Underfull \hbox (badness 10000) in paragraph at lines 1061--1067

 []

[51]
! Missing { inserted.
<to be read again> 
                   \egroup 
l.1070 ...rightarrow stat_2(\phi(\mathfrak_{C}))$}
                                                  \\
? 
! Missing { inserted.
<to be read again> 
                   \egroup 
l.1070 ...rightarrow stat_2(\phi(\mathfrak_{C}))$}
                                                  \\
? 
! Missing } inserted.
<inserted text> 
                }
l.1070 ...rightarrow stat_2(\phi(\mathfrak_{C}))$}
                                                  \\
? 
! Missing } inserted.
<inserted text> 
                }
l.1070 ...rightarrow stat_2(\phi(\mathfrak_{C}))$}
                                                  \\
? 
[52]
! Missing { inserted.
<to be read again> 
                   \egroup 
l.1084 ...wo sets of Catalan structures $\mathcal_
                                                  {A}$ and $\mathcal_{B}$, w...

? 
! Missing } inserted.
<inserted text> 
                }
l.1084 ...ets of Catalan structures $\mathcal_{A}$
                                                   and $\mathcal_{B}$, with ...

? 
! Missing { inserted.
<to be read again> 
                   \egroup 
l.1084 ...structures $\mathcal_{A}$ and $\mathcal_
                                                  {B}$, with their respectiv...

? 
! Missing } inserted.
<inserted text> 
                }
l.1084 ...ctures $\mathcal_{A}$ and $\mathcal_{B}$
                                                  , with their respective st...

? 
! Missing { inserted.
<to be read again> 
                   \egroup 
l.1084 ... = G$ where $F = {\sum_{a \in {\mathcal_
                                                  {A}}n}} x^{s(a)}$ and $G =...

? 
! Missing } inserted.
<inserted text> 
                }
l.1084 ...{\sum_{a \in {\mathcal_{A}}n}} x^{s(a)}$
                                                   and $G = {\sum_{b \in {\m...

? 
! Missing { inserted.
<to be read again> 
                   \egroup 
l.1084 ...{s(a)}$ and $G = {\sum_{b \in {\mathcal_
                                                  {A}}_n}} x^{t(b)}$. The co...

? 
! Missing } inserted.
<inserted text> 
                }
l.1084 ...\sum_{b \in {\mathcal_{A}}_n}} x^{t(b)}$
                                                  . The coefficient of each ...

? 
! Missing { inserted.
<to be read again> 
                   \egroup 
l.1084 ... given by $[x^k]F = \#\{a \in {\mathcal_
                                                  {A}} : S(a) = k\}$.
? 
! Missing } inserted.
<inserted text> 
                }
l.1084 ...= \#\{a \in {\mathcal_{A}} : S(a) = k\}$
                                                  .
? 

Overfull \hbox (81.61633pt too wide) in paragraph at lines 1093--1107
[][]
 []

[53]
Underfull \hbox (badness 10000) in paragraph at lines 1111--1113

 []

[54] [55]
Overfull \hbox (49.89165pt too wide) in paragraph at lines 1165--1195
[][]
 []

[56] [57]
Underfull \hbox (badness 10000) in paragraph at lines 1229--1231

 []

[58] [59] [60] (./CatalanStructuresBijectionsStuartPaton2013.bbl
! Undefined control sequence.
l.16   \url
           {https://www.github.com/akc/sym}, 2013.
? 

Underfull \hbox (badness 10000) in paragraph at lines 15--17
[]\OT1/cmr/m/n/12 Anders Claes-son, \OT1/cmr/m/it/12 sym. last ac-cessed 28 feb
ru-ary 2013.\OT1/cmr/m/n/12 ,
 []

! Undefined control sequence.
l.20   \url
           {https://www.github.com/akc/sym-plot}, 2013.
? 

Underfull \hbox (badness 10000) in paragraph at lines 19--21
[][]\OT1/cmr/m/n/12 , \OT1/cmr/m/it/12 sym-plot. last ac-cessed 28 febru-ary 20
13.\OT1/cmr/m/n/12 ,
 []

! Undefined control sequence.
l.28   \url
           {http://www.geometer.org/mathcircles/catalan.pdf}, 2006.
? 

Overfull \hbox (53.55682pt too wide) in paragraph at lines 27--29
[]\OT1/cmr/m/n/12 Tom Davies, \OT1/cmr/m/it/12 Cata-lan num-bers\OT1/cmr/m/n/12
 , http://www.geometer.org/mathcircles/catalan.pdf,
 []

! Undefined control sequence.
l.52 The~Glade Project, \emph{Glade}, \url
                                          {http://glade.gnome.org/}.
? 
[61]
! Undefined control sequence.
l.73 ...Gloss~Development Team, \emph{Gloss}, \url
                                                  {http://gloss.ouroborus.ne...

? 
) [62]
! Undefined control sequence.
<recently read> \hlinemichael 
                              
l.1283 \hlinemichael
                     cooper
? 
[63] [64] [65]
Overfull \hbox (110.87888pt too wide) in paragraph at lines 1408--1446
 [][] 
 []


Overfull \hbox (32.46426pt too wide) in paragraph at lines 1469--1498
 [][] 
 []


Overfull \vbox (37.17775pt too high) has occurred while \output is active []


[66]
Overfull \hbox (59.22827pt too wide) in paragraph at lines 1528--1557
 [][] 
 []

[67] [68]
Overfull \hbox (23.2313pt too wide) in paragraph at lines 1590--1628
 [][] 
 []


Overfull \vbox (37.17775pt too high) has occurred while \output is active []


[69]
Overfull \hbox (53.42273pt too wide) in paragraph at lines 1659--1688
 [][] 
 []


Overfull \hbox (0.80731pt too wide) in paragraph at lines 1696--1707
 [][] 
 []

[70] [71]
! Misplaced \noalign.
\hline ->\noalign 
                  {\ifnum 0=`}\fi \hrule \@height \arrayrulewidth \futurelet...
l.1740 \hline
             
? 
! You can't use `\hrule' here except with leaders.
\hline ->\noalign {\ifnum 0=`}\fi \hrule 
                                         \@height \arrayrulewidth \futurelet...
l.1740 \hline
             
? 
! Missing number, treated as zero.
<to be read again> 
                   \futurelet 
l.1740 \hline
             
? 
! Illegal unit of measure (pt inserted).
<to be read again> 
                   \futurelet 
l.1740 \hline
             
? 
[72]
! Misplaced \noalign.
\hline ->\noalign 
                  {\ifnum 0=`}\fi \hrule \@height \arrayrulewidth \futurelet...
l.1760 \hline
             
? 
! You can't use `\hrule' here except with leaders.
\hline ->\noalign {\ifnum 0=`}\fi \hrule 
                                         \@height \arrayrulewidth \futurelet...
l.1760 \hline
             
? 
! Missing number, treated as zero.
<to be read again> 
                   \futurelet 
l.1760 \hline
             
? 
! Illegal unit of measure (pt inserted).
<to be read again> 
                   \futurelet 
l.1760 \hline
             
? 
[73] [74] [75] (./CatalanStructuresBijectionsStuartPaton2013.aux) ) 
Here is how much of TeX's memory you used:
 4356 strings out of 493848
 57537 string characters out of 1152823
 142835 words of memory out of 3000000
 7562 multiletter control sequences out of 15000+50000
 17923 words of font info for 69 fonts, out of 3000000 for 9000
 714 hyphenation exceptions out of 8191
 32i,16n,36p,1836b,1401s stack positions out of 5000i,500n,10000p,200000b,50000s
</usr/share/
texmf-texlive/fonts/type1/public/amsfonts/cm/cmbx12.pfb></usr/share/texmf-texli
ve/fonts/type1/public/amsfonts/cm/cmex10.pfb></usr/share/texmf-texlive/fonts/ty
pe1/public/amsfonts/cm/cmmi12.pfb></usr/share/texmf-texlive/fonts/type1/public/
amsfonts/cm/cmmi6.pfb></usr/share/texmf-texlive/fonts/type1/public/amsfonts/cm/
cmmi8.pfb></usr/share/texmf-texlive/fonts/type1/public/amsfonts/cm/cmr12.pfb></
usr/share/texmf-texlive/fonts/type1/public/amsfonts/cm/cmr6.pfb></usr/share/tex
mf-texlive/fonts/type1/public/amsfonts/cm/cmr8.pfb></usr/share/texmf-texlive/fo
nts/type1/public/amsfonts/cm/cmsl12.pfb></usr/share/texmf-texlive/fonts/type1/p
ublic/amsfonts/cm/cmss12.pfb></usr/share/texmf-texlive/fonts/type1/public/amsfo
nts/cm/cmsy10.pfb></usr/share/texmf-texlive/fonts/type1/public/amsfonts/cm/cmsy
6.pfb></usr/share/texmf-texlive/fonts/type1/public/amsfonts/cm/cmsy8.pfb></usr/
share/texmf-texlive/fonts/type1/public/amsfonts/cm/cmti12.pfb></usr/share/texmf
-texlive/fonts/type1/public/amsfonts/cm/cmtt12.pfb></usr/share/texmf-texlive/fo
nts/type1/public/amsfonts/euler/eufm10.pfb></usr/share/texmf-texlive/fonts/type
1/public/amsfonts/symbols/msam10.pfb></usr/share/texmf-texlive/fonts/type1/publ
ic/amsfonts/symbols/msbm10.pfb>
Output written on CatalanStructuresBijectionsStuartPaton2013.pdf (76 pages, 415
294 bytes).
PDF statistics:
 337 PDF objects out of 1000 (max. 8388607)
 0 named destinations out of 1000 (max. 500000)
 21 words of extra memory for PDF output out of 10000 (max. 10000000)

